Drill report for UBMP430.kicad_pcb
Created on 2023 March 30, Thursday 00:21:47

Copper Layer Stackup:
    =============================================================
    L1 :  F.Cu                      front
    L2 :  B.Cu                      back


Drill file 'UBMP430.drl' contains
    plated through holes:
    =============================================================
    T1  0.381mm  0.0150"  (3 holes)
    T2  0.400mm  0.0157"  (16 holes)
    T3  0.600mm  0.0236"  (4 holes)  (with 4 slots)
    T4  0.750mm  0.0295"  (3 holes)
    T5  0.800mm  0.0315"  (80 holes)
    T6  0.900mm  0.0354"  (17 holes)
    T7  1.000mm  0.0394"  (34 holes)
    T8  1.100mm  0.0433"  (20 holes)
    T9  1.200mm  0.0472"  (2 holes)
    T10  3.200mm  0.1260"  (4 holes)

    Total plated holes count 183


Not plated through holes are merged with plated holes
    unplated through holes:
    =============================================================

    Total unplated holes count 0
